<?xml version="1.0" encoding="UTF-8"?>
<!-- Generated by org.testng.reporters.JUnitReportReporter -->
<testsuite hostname="UnFriended" failures="0" tests="1" name="runners.TestRunner" time="٢٢.١٢٦" errors="0" timestamp="٢٠٢٥-٠٤-٠١T١٢:٣٠:٢١ EET" skipped="0">
  <testcase classname="runners.TestRunner" name="runScenario" time="٢٢.١٢٦"/>
</testsuite> <!-- runners.TestRunner -->
